<?xml version="1.0" encoding="UTF-8"?>
<testng-results skipped="0" failed="0" total="1" passed="1">
  <reporter-output>
    <line>
      <![CDATA[<div style="display:block;margin-left:10px;"></div>]]>
    </line>
    <line>
      <![CDATA[<div style="display:block;margin-left:10px;"></div>]]>
    </line>
    <line>
      <![CDATA[<div style="display:block;margin-left:10px;"></div>]]>
    </line>
    <line>
      <![CDATA[<div style="display:block;margin-left:10px;"></div>]]>
    </line>
    <line>
      <![CDATA[<div style="display:block;margin-left:10px;"><div  class="teststeppass"><span class="teststeppass-label">T </span>Given Launch the mmt homepage</div><div  class="teststeppass"><span class="teststeppass-label">T </span>Then Select fromcity</div><div  class="teststeppass"><span class="teststeppass-label">T </span>Then Enter to city</div><div  class="teststeppass"><span class="teststeppass-label">T </span>Then Click on search</div></div>]]>
    </line>
    <line>
      <![CDATA[<div style="display:block;margin-left:10px;"></div>]]>
    </line>
    <line>
      <![CDATA[<div style="display:block;margin-left:10px;"></div>]]>
    </line>
    <line>
      <![CDATA[<div style="display:block;margin-left:10px;"></div>]]>
    </line>
    <line>
      <![CDATA[<div style="display:block;margin-left:10px;"></div>]]>
    </line>
  </reporter-output>
  <suite name="QAS Demo" duration-ms="23285" started-at="2017-04-06T10:07:34Z" finished-at="2017-04-06T10:07:57Z">
    <groups>
      <group name="SMOKE">
        <method signature="scenarios.Mmt.bdd.Book a flight()[pri:1000, instance:com.qmetry.qaf.automation.step.client.Scenario@3e8]" name="Book a flight" class="com.qmetry.qaf.automation.step.client.Scenario"/>
      </group> <!-- SMOKE -->
    </groups>
    <test name="BDD Test" duration-ms="23285" started-at="2017-04-06T10:07:34Z" finished-at="2017-04-06T10:07:57Z">
      <class name="com.qmetry.qaf.automation.step.client.Scenario">
        <test-method status="PASS" signature="setupSuit(org.testng.ITestContext)[pri:0, instance:com.qmetry.qaf.automation.step.client.Scenario@3e8]" name="setupSuit" is-config="true" duration-ms="15" started-at="2017-04-06T15:37:34Z" finished-at="2017-04-06T15:37:34Z">
          <params>
            <param index="0">
              <value>
                <![CDATA[org.testng.TestRunner@22635ba0]]>
              </value>
            </param>
          </params>
          <reporter-output>
            <line>
              <![CDATA[<div style="display:block;margin-left:10px;"></div>]]>
            </line>
          </reporter-output>
        </test-method> <!-- setupSuit -->
        <test-method status="PASS" signature="setupTest(org.testng.ITestContext)[pri:0, instance:com.qmetry.qaf.automation.step.client.Scenario@3e8]" name="setupTest" is-config="true" duration-ms="0" started-at="2017-04-06T15:37:34Z" finished-at="2017-04-06T15:37:34Z">
          <params>
            <param index="0">
              <value>
                <![CDATA[org.testng.TestRunner@22635ba0]]>
              </value>
            </param>
          </params>
          <reporter-output>
            <line>
              <![CDATA[<div style="display:block;margin-left:10px;"></div>]]>
            </line>
          </reporter-output>
        </test-method> <!-- setupTest -->
        <test-method status="PASS" signature="setup(org.testng.ITestContext)[pri:0, instance:com.qmetry.qaf.automation.step.client.Scenario@3e8]" test-instance-name="Book a flight" name="setup" is-config="true" duration-ms="0" started-at="2017-04-06T15:37:34Z" finished-at="2017-04-06T15:37:34Z">
          <params>
            <param index="0">
              <value>
                <![CDATA[org.testng.TestRunner@22635ba0]]>
              </value>
            </param>
          </params>
          <reporter-output>
            <line>
              <![CDATA[<div style="display:block;margin-left:10px;"></div>]]>
            </line>
          </reporter-output>
        </test-method> <!-- setup -->
        <test-method status="PASS" signature="setupMethod(java.lang.reflect.Method, org.testng.ITestContext)[pri:0, instance:com.qmetry.qaf.automation.step.client.Scenario@3e8]" test-instance-name="Book a flight" name="setupMethod" is-config="true" duration-ms="0" started-at="2017-04-06T15:37:34Z" finished-at="2017-04-06T15:37:34Z">
          <params>
            <param index="0">
              <value>
                <![CDATA[public void com.qmetry.qaf.automation.step.client.Scenario.scenario()]]>
              </value>
            </param>
            <param index="1">
              <value>
                <![CDATA[org.testng.TestRunner@22635ba0]]>
              </value>
            </param>
          </params>
          <reporter-output>
            <line>
              <![CDATA[<div style="display:block;margin-left:10px;"></div>]]>
            </line>
          </reporter-output>
        </test-method> <!-- setupMethod -->
        <test-method status="PASS" signature="Book a flight()[pri:1000, instance:com.qmetry.qaf.automation.step.client.Scenario@3e8]" test-instance-name="Book a flight" name="Book a flight" duration-ms="21998" started-at="2017-04-06T15:37:34Z" description="Booking a flight" finished-at="2017-04-06T15:37:56Z">
          <reporter-output>
            <line>
              <![CDATA[<div style="display:block;margin-left:10px;"><div  class="teststeppass"><span class="teststeppass-label">T </span>Given Launch the mmt homepage</div><div  class="teststeppass"><span class="teststeppass-label">T </span>Then Select fromcity</div><div  class="teststeppass"><span class="teststeppass-label">T </span>Then Enter to city</div><div  class="teststeppass"><span class="teststeppass-label">T </span>Then Click on search</div></div>]]>
            </line>
          </reporter-output>
        </test-method> <!-- Book a flight -->
        <test-method status="PASS" signature="afterMethod(org.testng.ITestContext, org.testng.ITestResult)[pri:0, instance:com.qmetry.qaf.automation.step.client.Scenario@3e8]" test-instance-name="Book a flight" name="afterMethod" is-config="true" duration-ms="1" started-at="2017-04-06T15:37:56Z" finished-at="2017-04-06T15:37:56Z">
          <params>
            <param index="0">
              <value>
                <![CDATA[org.testng.TestRunner@22635ba0]]>
              </value>
            </param>
            <param index="1">
              <value>
                <![CDATA[[TestResult name=Book a flight status=SUCCESS method=scenarios.Mmt.bdd.Book a flight()[pri:1000, instance:com.qmetry.qaf.automation.step.client.Scenario@3e8] output=<div style="display:block;margin-left:10px;"><div  class="teststeppass"><span class="teststeppass-label">T </span>Given Launch the mmt homepage</div><div  class="teststeppass"><span class="teststeppass-label">T </span>Then Select fromcity</div><div  class="teststeppass"><span class="teststeppass-label">T </span>Then Enter to city</div><div  class="teststeppass"><span class="teststeppass-label">T </span>Then Click on search</div></div>]]]>
              </value>
            </param>
          </params>
          <reporter-output>
            <line>
              <![CDATA[<div style="display:block;margin-left:10px;"></div>]]>
            </line>
          </reporter-output>
        </test-method> <!-- afterMethod -->
        <test-method status="PASS" signature="afterClass(org.testng.ITestContext)[pri:0, instance:com.qmetry.qaf.automation.step.client.Scenario@3e8]" test-instance-name="Book a flight" name="afterClass" is-config="true" duration-ms="0" started-at="2017-04-06T15:37:56Z" finished-at="2017-04-06T15:37:56Z">
          <params>
            <param index="0">
              <value>
                <![CDATA[org.testng.TestRunner@22635ba0]]>
              </value>
            </param>
          </params>
          <reporter-output>
            <line>
              <![CDATA[<div style="display:block;margin-left:10px;"></div>]]>
            </line>
          </reporter-output>
        </test-method> <!-- afterClass -->
        <test-method status="PASS" signature="afterTest(org.testng.ITestContext)[pri:0, instance:com.qmetry.qaf.automation.step.client.Scenario@3e8]" name="afterTest" is-config="true" duration-ms="1208" started-at="2017-04-06T15:37:56Z" finished-at="2017-04-06T15:37:57Z">
          <params>
            <param index="0">
              <value>
                <![CDATA[org.testng.TestRunner@22635ba0]]>
              </value>
            </param>
          </params>
          <reporter-output>
            <line>
              <![CDATA[<div style="display:block;margin-left:10px;"></div>]]>
            </line>
          </reporter-output>
        </test-method> <!-- afterTest -->
        <test-method status="PASS" signature="afterSuit(org.testng.ITestContext)[pri:0, instance:com.qmetry.qaf.automation.step.client.Scenario@3e8]" name="afterSuit" is-config="true" duration-ms="0" started-at="2017-04-06T15:37:57Z" finished-at="2017-04-06T15:37:57Z">
          <params>
            <param index="0">
              <value>
                <![CDATA[org.testng.TestRunner@22635ba0]]>
              </value>
            </param>
          </params>
          <reporter-output>
            <line>
              <![CDATA[<div style="display:block;margin-left:10px;"></div>]]>
            </line>
          </reporter-output>
        </test-method> <!-- afterSuit -->
      </class> <!-- com.qmetry.qaf.automation.step.client.Scenario -->
    </test> <!-- BDD Test -->
  </suite> <!-- QAS Demo -->
</testng-results>
