<?xml version="1.0" encoding="UTF-8"?>
<!-- Generated by org.testng.reporters.JUnitXMLReporter -->
<testsuite hostname="ICPL11465" name="BDD Test" tests="1" failures="1" timestamp="6 Apr 2017 06:09:39 GMT" time="18.819" errors="0">
  <testcase name="Book a flight" time="17.255" classname="com.qmetry.qaf.automation.step.client.Scenario">
    <failure type="java.lang.AssertionError" message="expected [Flight Sea] but found [Flight Search]">
      <![CDATA[java.lang.AssertionError: expected [Flight Sea] but found [Flight Search]
	at .Then Click on search(scenarios/Mmt.bdd:9)
	at com.makemytrip.steps.Clickonwebelement.Clickonsearch_aroundBody6(Clickonwebelement.java:47)
	at com.qmetry.qaf.automation.step.JavaStepReporter.javaTestStep(JavaStepReporter.java:89)
	at com.makemytrip.steps.Clickonwebelement.Clickonsearch(Clickonwebelement.java:45)
	at com.qmetry.qaf.automation.step.JavaStep.doExecute(JavaStep.java:129)
	at com.qmetry.qaf.automation.step.BaseTestStep.execute(BaseTestStep.java:148)
	at com.qmetry.qaf.automation.step.StringTestStep.execute(StringTestStep.java:109)
	at com.qmetry.qaf.automation.step.client.Scenario.execute(Scenario.java:151)
	at com.qmetry.qaf.automation.step.client.Scenario.scenario(Scenario.java:199)
]]>
    </failure>
  </testcase> <!-- Book a flight -->
</testsuite> <!-- BDD Test -->
